2026-01-18 23:17:16 INFO  o.h.validator.internal.util.Version - HV000001: Hibernate Validator 8.0.3.Final
2026-01-18 23:17:16 INFO  org.dgika.TickerApiApp - Starting TickerApiApp using Java 21.0.2 with PID 24600 (D:\JAVA\MyJava\javarush\tickerAPI\target\classes started by rexar.ika in D:\JAVA\MyJava\javarush\tickerAPI)
2026-01-18 23:17:16 INFO  org.dgika.TickerApiApp - No active profile set, falling back to 1 default profile: "default"
2026-01-18 23:17:17 INFO  o.s.d.r.c.RepositoryConfigurationDelegate - Bootstrapping Spring Data JPA repositories in DEFAULT mode.
2026-01-18 23:17:17 INFO  o.s.d.r.c.RepositoryConfigurationDelegate - Finished Spring Data repository scanning in 44 ms. Found 3 JPA repository interfaces.
2026-01-18 23:17:17 INFO  o.s.b.w.e.tomcat.TomcatWebServer - Tomcat initialized with port 8080 (http)
2026-01-18 23:17:17 INFO  o.a.coyote.http11.Http11NioProtocol - Initializing ProtocolHandler ["http-nio-8080"]
2026-01-18 23:17:17 INFO  o.a.catalina.core.StandardService - Starting service [Tomcat]
2026-01-18 23:17:17 INFO  o.a.catalina.core.StandardEngine - Starting Servlet engine: [Apache Tomcat/10.1.49]
2026-01-18 23:17:17 INFO  o.a.c.c.C.[Tomcat].[localhost].[/] - Initializing Spring embedded WebApplicationContext
2026-01-18 23:17:17 INFO  o.s.b.w.s.c.ServletWebServerApplicationContext - Root WebApplicationContext: initialization completed in 1099 ms
2026-01-18 23:17:17 INFO  com.zaxxer.hikari.HikariDataSource - HikariPool-1 - Starting...
2026-01-18 23:17:17 INFO  com.zaxxer.hikari.pool.HikariPool - HikariPool-1 - Added connection org.postgresql.jdbc.PgConnection@4cb00fa5
2026-01-18 23:17:17 INFO  com.zaxxer.hikari.HikariDataSource - HikariPool-1 - Start completed.
2026-01-18 23:17:18 INFO  liquibase.database - Set default schema name to public
2026-01-18 23:17:18 INFO  liquibase.changelog - Reading from public.databasechangelog
2026-01-18 23:17:18 INFO  liquibase.ui - Database is up to date, no changesets to execute
2026-01-18 23:17:18 INFO  liquibase.changelog - Reading from public.databasechangelog
2026-01-18 23:17:18 INFO  liquibase.util - UPDATE SUMMARY
2026-01-18 23:17:18 INFO  liquibase.util - Run:                          0
2026-01-18 23:17:18 INFO  liquibase.util - Previously run:               5
2026-01-18 23:17:18 INFO  liquibase.util - Filtered out:                 0
2026-01-18 23:17:18 INFO  liquibase.util - -------------------------------
2026-01-18 23:17:18 INFO  liquibase.util - Total change sets:            5
2026-01-18 23:17:18 INFO  liquibase.util - Update summary generated
2026-01-18 23:17:18 INFO  liquibase.command - Command execution complete
2026-01-18 23:17:19 INFO  o.h.jpa.internal.util.LogHelper - HHH000204: Processing PersistenceUnitInfo [name: default]
2026-01-18 23:17:19 INFO  org.hibernate.Version - HHH000412: Hibernate ORM core version 6.6.36.Final
2026-01-18 23:17:19 INFO  o.h.c.i.RegionFactoryInitiator - HHH000026: Second-level cache disabled
2026-01-18 23:17:19 INFO  o.s.o.j.p.SpringPersistenceUnitInfo - No LoadTimeWeaver setup: ignoring JPA class transformer
2026-01-18 23:17:19 INFO  o.hibernate.orm.connections.pooling - HHH10001005: Database info:
	Database JDBC URL [Connecting through datasource 'HikariDataSource (HikariPool-1)']
	Database driver: undefined/unknown
	Database version: 17.4
	Autocommit mode: undefined/unknown
	Isolation level: undefined/unknown
	Minimum pool size: undefined/unknown
	Maximum pool size: undefined/unknown
2026-01-18 23:17:20 INFO  o.h.e.t.j.p.i.JtaPlatformInitiator - HHH000489: No JTA platform available (set 'hibernate.transaction.jta.platform' to enable JTA platform integration)
2026-01-18 23:17:20 INFO  o.s.o.j.LocalContainerEntityManagerFactoryBean - Initialized JPA EntityManagerFactory for persistence unit 'default'
2026-01-18 23:17:20 INFO  o.s.s.c.a.a.c.InitializeUserDetailsBeanManagerConfigurer$InitializeUserDetailsManagerConfigurer - Global AuthenticationManager configured with UserDetailsService bean with name customUserDetailsService
2026-01-18 23:17:20 INFO  o.s.d.j.r.query.QueryEnhancerFactory - Hibernate is in classpath; If applicable, HQL parser will be used.
2026-01-18 23:17:21 WARN  o.s.b.a.o.j.JpaBaseConfiguration$JpaWebConfiguration - spring.jpa.open-in-view is enabled by default. Therefore, database queries may be performed during view rendering. Explicitly configure spring.jpa.open-in-view to disable this warning
2026-01-18 23:17:21 INFO  o.a.coyote.http11.Http11NioProtocol - Starting ProtocolHandler ["http-nio-8080"]
2026-01-18 23:17:21 INFO  o.s.b.w.e.tomcat.TomcatWebServer - Tomcat started on port 8080 (http) with context path '/'
2026-01-18 23:17:21 INFO  org.dgika.TickerApiApp - Started TickerApiApp in 5.618 seconds (process running for 6.063)
2026-01-18 23:25:06 INFO  o.a.c.c.C.[Tomcat].[localhost].[/] - Initializing Spring DispatcherServlet 'dispatcherServlet'
2026-01-18 23:25:06 INFO  o.s.web.servlet.DispatcherServlet - Initializing Servlet 'dispatcherServlet'
2026-01-18 23:25:06 INFO  o.s.web.servlet.DispatcherServlet - Completed initialization in 0 ms
2026-01-18 23:25:06 INFO  o.d.web.filter.RequestLoggingFilter - event=http_request method=POST path=/api/user/register status=400 durationMs=173
2026-01-18 23:25:12 INFO  o.d.web.filter.RequestLoggingFilter - event=http_request method=POST path=/api/user/login status=200 durationMs=193
